Старт функции <__main__.MyTimeTracerManager object at 0x00B21E68>: 1590167298.2086024: 
Старт функции MyTimeTracerManager: 1590167460.2654424: 
Старт функции MyTimeTracerManager: 1590167511.4241576: 
Старт функции MyTimeTracerManager: 1590167601.8374186: 
Старт функции MyTimeTracerManager: 1590167683.5650105: 
Старт функции MyTimeTracerManager: 1590167743.9167595: 
Конец функции MyTimeTracerManager: 1590167743.9167595: 
Время работы функции MyTimeTracerManager: 0.0: 
Старт функции MyTimeTracerManager: 1590167857.7512794: 
Конец функции MyTimeTracerManager: 1590167857.7512794: 
Время работы функции MyTimeTracerManager: 0.0: 
Старт функции MyTimeTracerManager: 1590167910.3630633: 
Конец функции MyTimeTracerManager: 1590167910.3630633: 
Время работы функции MyTimeTracerManager: 0.0: 
Старт функции MyTimeTracerManager: 1590168019.4094899: 
Конец функции MyTimeTracerManager: 1590168019.4094899: 
Время работы функции MyTimeTracerManager: 0.0: 
Старт функции MyTimeTracerManager: 1590168037.3647625: 
Конец функции MyTimeTracerManager: 1590168037.3647625: 
Время работы функции MyTimeTracerManager: 0.0: 
Старт функции MyTimeTracerManager: 1401.078: 
Конец функции MyTimeTracerManager: 1401.078: 
Время работы функции MyTimeTracerManager: 0.0: 
Старт функции MyTimeTracerManager: 1726.359: 
Конец функции MyTimeTracerManager: 1726.359: 
Время работы функции MyTimeTracerManager: 0.0: 
Старт функции MyTimeTracerManager: 1968.14: 
Конец функции MyTimeTracerManager: 1968.14: 
Время работы функции MyTimeTracerManager: 0.0: 
Старт функции MyTimeTracerManager: 2068.156: 
Конец функции MyTimeTracerManager: 2068.156: 
Время работы функции MyTimeTracerManager: 0.0: 
Старт функции MyTimeTracerManager: 2106.078: 
Конец функции MyTimeTracerManager: 2106.078: 
Время работы функции MyTimeTracerManager: 0.0: 
Старт функции MyTimeTracerManager: 2131.562: 
Конец функции MyTimeTracerManager: 2131.562: 
Время работы функции MyTimeTracerManager: 0.0: 
Старт функции MyTimeTracerManager: 2020-05-25 12:18:24.523171: 
Конец функции MyTimeTracerManager: 2020-05-25 12:18:24.523171: 
Время работы функции MyTimeTracerManager: 0:00:00: 
Старт функции MyTimeTracerManager: 2020-05-25 15:42:21.174058: 
Старт функции MyTimeTracerManager: 2020-05-25 15:44:59.892889: 
Старт функции MyTimeTracerManager: 2020-05-25 15:49:28.108133: 
Конец функции MyTimeTracerManager: 2020-05-25 15:49:28.108133: 
Время работы функции MyTimeTracerManager: 0:00:00: 
Старт функции MyTimeTracerManager: 2020-05-25 15:51:38.066964: 
Конец функции MyTimeTracerManager: 2020-05-25 15:51:38.066964: 
Время работы функции MyTimeTracerManager: 0:00:00: 
Старт функции MyTimeTracerManager: 2020-05-25 15:53:38.461592: 
Конец функции MyTimeTracerManager: 2020-05-25 15:53:38.461592: 
Время работы функции MyTimeTracerManager: 0:00:00: 
Старт функции MyTimeTracerManager: 2020-05-25 15:57:05.029054: 
Конец функции MyTimeTracerManager: 2020-05-25 15:57:05.029054: 
Время работы функции MyTimeTracerManager: 0:00:00: 
Старт функции MyTimeTracerManager: 2020-05-26 11:38:18.701748: 
Конец функции MyTimeTracerManager: 2020-05-26 11:38:18.701748: 
Время работы функции MyTimeTracerManager: 0:00:00: 
Старт функции MyTimeTracerManager: 2020-05-26 11:39:38.278773: 
Конец функции MyTimeTracerManager: 2020-05-26 11:39:42.279545: 
Время работы функции MyTimeTracerManager: 0:00:04.000772: 
Старт функции MyTimeTracerManager: 2020-05-26 11:41:15.869713: 
Конец функции MyTimeTracerManager: 2020-05-26 11:41:19.885899: 
Время работы функции MyTimeTracerManager: 0:00:04.016186: 
Старт функции MyTimeTracerManager: 2020-05-26 13:34:09.669834: 
Конец функции MyTimeTracerManager: 2020-05-26 13:34:13.711509: 
Время работы функции MyTimeTracerManager: 0:00:04.041675: 
Старт функции MyTimeTracerManager: 2020-05-26 13:43:26.824472: 
Конец функции MyTimeTracerManager: 2020-05-26 13:43:30.828381: 
Время работы функции MyTimeTracerManager: 0:00:04.003909: 
